<?xml version="1.0" encoding="UTF-8"?>
<!-- Generated by org.testng.reporters.JUnitReportReporter -->
<testsuite hostname="DEVBHUMI" failures="0" tests="1" name="test.AddContactPageTest" time="7.701" errors="0" timestamp="2021-12-06T23:13:20 EST" skipped="0">
  <testcase classname="test.AddContactPageTest" name="validUserAddContact" time="7.701"/>
  <system-out/>
</testsuite> <!-- test.AddContactPageTest -->
