<?xml version="1.0" encoding="UTF-8"?>
<!-- Generated by org.testng.reporters.JUnitReportReporter -->
<testsuite skipped="0" hostname="DEVBHUMI" name="test.LoginPageTest" tests="1" failures="0" timestamp="2022-01-17T15:25:48 EST" time="5.260" errors="0">
  <testcase name="validUserMustLoginTest" time="5.260" classname="test.LoginPageTest"/>
  <system-out/>
</testsuite> <!-- test.LoginPageTest -->
