<?xml version="1.0" encoding="UTF-8"?>
<!-- Generated by org.testng.reporters.JUnitReportReporter -->
<testsuite hostname="DEVBHUMI" failures="0" tests="1" name="util.BrowserFactory" time="5.056" errors="0" timestamp="2021-11-25T10:15:59 EST" skipped="0">
  <testcase classname="util.BrowserFactory" name="init" time="5.056"/>
  <system-out/>
</testsuite> <!-- util.BrowserFactory -->
